////////////////////////////////////////////////////////////
Starting conversion at 11/05/2026 18:45:43,588
////////////////////////////////////////////////////////////

------------------------------------------------------------
Converting Recnum table: 253, CodeType, Code Maintenance Type Table
Progress:Start time: 11/05/2026 18:45:43,588
Start time: 11/05/2026 18:45:43,588
Structure_Start
Structure_Copy
Set_Attribute DF_FILE_RECNUM_TABLE to 0
Replacing recnum with primary index:1
Set_Attribute DF_FILE_PRIMARY_INDEX to 1
Set_Attribute DF_INDEX_SQL_PRIMARY_KEY to 1
AssignMinimalLength
RealignOverlaps
Structure_End
Progress:Creating new table.
Creating new table.
Progress:ERROR 12289: Error general 42S01 (1050)--[MySQL][ODBC 9.7(w) Driver][mysqld-9.7.0]Table 'codetype' already exists  Table = CodeType (0), Source = ODBC_DRV.Structure_End.CreateTable
ERROR 12289: Error general 42S01 (1050)--[MySQL][ODBC 9.7(w) Driver][mysqld-9.7.0]Table 'codetype' already exists  Table = CodeType (0), Source = ODBC_DRV.Structure_End.CreateTable
Progress:End time: 11/05/2026 18:45:43,617
End time: 11/05/2026 18:45:43,617
Progress:Total time to convert table: 0:0:0:0,029
Total time to convert table: 0:0:0:0,029

------------------------------------------------------------
Converting Recnum table: 254, CodeMast, Code Maintenance Code Table
Progress:Start time: 11/05/2026 18:45:43,619
Start time: 11/05/2026 18:45:43,619
Structure_Start
Structure_Copy
Set_Attribute DF_FILE_RECNUM_TABLE to 0
Replacing recnum with primary index:1
Set_Attribute DF_FILE_PRIMARY_INDEX to 1
Set_Attribute DF_INDEX_SQL_PRIMARY_KEY to 1
AssignMinimalLength
RealignOverlaps
Structure_End
Progress:Creating new table.
Creating new table.
Progress:ERROR 12289: Error general 42S01 (1050)--[MySQL][ODBC 9.7(w) Driver][mysqld-9.7.0]Table 'codemast' already exists  Table = CodeMast (0), Source = ODBC_DRV.Structure_End.CreateTable
ERROR 12289: Error general 42S01 (1050)--[MySQL][ODBC 9.7(w) Driver][mysqld-9.7.0]Table 'codemast' already exists  Table = CodeMast (0), Source = ODBC_DRV.Structure_End.CreateTable
Progress:End time: 11/05/2026 18:45:43,623
End time: 11/05/2026 18:45:43,623
Progress:Total time to convert table: 0:0:0:0,004
Total time to convert table: 0:0:0:0,004

------------------------------------------------------------
Converting Recnum table: 263, WebAppSession, WebApp Session
Progress:Start time: 11/05/2026 18:45:43,624
Start time: 11/05/2026 18:45:43,624
Structure_Start
Structure_Copy
Set_Attribute DF_FILE_RECNUM_TABLE to 0
Replacing recnum with primary index:1
Set_Attribute DF_FILE_PRIMARY_INDEX to 1
Set_Attribute DF_INDEX_SQL_PRIMARY_KEY to 1
AssignMinimalLength
RealignOverlaps
Structure_End
Progress:Creating new table.
Creating new table.
Progress:ERROR 12289: Error general 42S01 (1050)--[MySQL][ODBC 9.7(w) Driver][mysqld-9.7.0]Table 'webappsession' already exists  Table = WebAppSession (0), Source = ODBC_DRV.Structure_End.CreateTable
ERROR 12289: Error general 42S01 (1050)--[MySQL][ODBC 9.7(w) Driver][mysqld-9.7.0]Table 'webappsession' already exists  Table = WebAppSession (0), Source = ODBC_DRV.Structure_End.CreateTable
Progress:End time: 11/05/2026 18:45:43,626
End time: 11/05/2026 18:45:43,626
Progress:Total time to convert table: 0:0:0:0,002
Total time to convert table: 0:0:0:0,002

------------------------------------------------------------
Converting Recnum table: 264, WebAppUser, WebApp User
Progress:Start time: 11/05/2026 18:45:43,629
Start time: 11/05/2026 18:45:43,629
Structure_Start
Structure_Copy
Set_Attribute DF_FILE_RECNUM_TABLE to 0
Replacing recnum with primary index:1
Set_Attribute DF_FILE_PRIMARY_INDEX to 1
Set_Attribute DF_INDEX_SQL_PRIMARY_KEY to 1
AssignMinimalLength
RealignOverlaps
Structure_End
Progress:Creating new table.
Creating new table.
Progress:Creating primary key PRIMARY.
Creating primary key PRIMARY.
Progress:Creating intermediate file.
Creating intermediate file.
CLI_DROPINDICES
Progress:Temporary delete of all indices of table webappuser.
Temporary delete of all indices of table webappuser.
Progress:Dropping primary key PRIMARY.
Dropping primary key PRIMARY.
Progress:Copying record
Progress:All 1 records copied.
All 1 records copied.
CLI_CREATEINDICES
Progress:Re-creating temporary deleted indices of table webappuser.
Re-creating temporary deleted indices of table webappuser.
Progress:Creating primary key PRIMARY.
Creating primary key PRIMARY.
Close hSQLTable
Close ahTables[iCount]
Adjust filelist slot
Output_def_file
Progress:End time: 11/05/2026 18:45:43,896
End time: 11/05/2026 18:45:43,896
Progress:Total time to convert table: 0:0:0:0,267
Total time to convert table: 0:0:0:0,267

------------------------------------------------------------
Converting Recnum table: 265, WebAppServerProps, WebApp Server Props
Progress:Start time: 11/05/2026 18:45:43,898
Start time: 11/05/2026 18:45:43,898
Structure_Start
Structure_Copy
Set_Attribute DF_FILE_RECNUM_TABLE to 0
Replacing recnum with primary index:1
Set_Attribute DF_FILE_PRIMARY_INDEX to 1
Set_Attribute DF_INDEX_SQL_PRIMARY_KEY to 1
AssignMinimalLength
RealignOverlaps
Structure_End
Progress:Creating new table.
Creating new table.
Progress:Creating primary key PRIMARY.
Creating primary key PRIMARY.
Progress:Creating index WebAppServerProps002.
Creating index WebAppServerProps002.
Progress:Creating intermediate file.
Creating intermediate file.
CLI_DROPINDICES
Progress:Temporary delete of all indices of table webappserverprops.
Temporary delete of all indices of table webappserverprops.
Progress:Dropping primary key PRIMARY.
Dropping primary key PRIMARY.
Progress:Dropping index WebAppServerProps002.
Dropping index WebAppServerProps002.
Progress:Copying record
Progress:All 4 records copied.
All 4 records copied.
CLI_CREATEINDICES
Progress:Re-creating temporary deleted indices of table webappserverprops.
Re-creating temporary deleted indices of table webappserverprops.
Progress:Creating primary key PRIMARY.
Creating primary key PRIMARY.
Progress:Creating index WebAppServerProps002.
Creating index WebAppServerProps002.
Close hSQLTable
Close ahTables[iCount]
Adjust filelist slot
Output_def_file
Progress:End time: 11/05/2026 18:45:44,298
End time: 11/05/2026 18:45:44,298
Progress:Total time to convert table: 0:0:0:0,4
Total time to convert table: 0:0:0:0,4

------------------------------------------------------------
Converting Recnum table: 270, DFLastID, DFLastID
Progress:Start time: 11/05/2026 18:45:44,298
Start time: 11/05/2026 18:45:44,298
Structure_Start
Structure_Copy
Set_Attribute DF_FILE_PRIMARY_INDEX to 0
AssignMinimalLength
RealignOverlaps
Structure_End
Progress:Creating new table.
Creating new table.
Progress:ERROR 12289: Error general HY000 (4028)--[MySQL][ODBC 9.7(w) Driver][mysqld-9.7.0]A table must have at least one visible column.  Table = DFLastID (0), Source = ODBC_DRV.Structure_End.CreateTable
ERROR 12289: Error general HY000 (4028)--[MySQL][ODBC 9.7(w) Driver][mysqld-9.7.0]A table must have at least one visible column.  Table = DFLastID (0), Source = ODBC_DRV.Structure_End.CreateTable
Progress:End time: 11/05/2026 18:45:44,298
End time: 11/05/2026 18:45:44,298
Progress:Total time to convert table: 0:0:0:0
Total time to convert table: 0:0:0:0

############################################################
List of tables that experienced errors while converting:
   CodeType - Unable to create.
   CodeMast - Unable to create.
   WebAppSes- Unable to create.
   DFLastID - Unable to create.
////////////////////////////////////////////////////////////
Finished conversion at 11/05/2026 18:45:44,304
Total conversion time: 0:0:0:0,716
////////////////////////////////////////////////////////////
////////////////////////////////////////////////////////////
Starting conversion at 11/05/2026 19:15:13,122
////////////////////////////////////////////////////////////

------------------------------------------------------------
Converting Recnum table: 253, CodeType, Code Maintenance Type Table
Progress:Start time: 11/05/2026 19:15:13,135
Start time: 11/05/2026 19:15:13,135
Structure_Start
Structure_Copy
Set_Attribute DF_FILE_RECNUM_TABLE to 0
Replacing recnum with primary index:1
Set_Attribute DF_FILE_PRIMARY_INDEX to 1
Set_Attribute DF_INDEX_SQL_PRIMARY_KEY to 1
AssignMinimalLength
RealignOverlaps
Structure_End
Progress:Creating new table.
Creating new table.
Progress:ERROR 12289: Error general 42S01 (1050)--[MySQL][ODBC 9.7(w) Driver][mysqld-9.7.0]Table 'codetype' already exists  Table = CodeType (0), Source = ODBC_DRV.Structure_End.CreateTable
ERROR 12289: Error general 42S01 (1050)--[MySQL][ODBC 9.7(w) Driver][mysqld-9.7.0]Table 'codetype' already exists  Table = CodeType (0), Source = ODBC_DRV.Structure_End.CreateTable
Progress:End time: 11/05/2026 19:15:13,141
End time: 11/05/2026 19:15:13,141
Progress:Total time to convert table: 0:0:0:0,006
Total time to convert table: 0:0:0:0,006

------------------------------------------------------------
Converting Recnum table: 254, CodeMast, Code Maintenance Code Table
Progress:Start time: 11/05/2026 19:15:13,143
Start time: 11/05/2026 19:15:13,143
Structure_Start
Structure_Copy
Set_Attribute DF_FILE_RECNUM_TABLE to 0
Replacing recnum with primary index:1
Set_Attribute DF_FILE_PRIMARY_INDEX to 1
Set_Attribute DF_INDEX_SQL_PRIMARY_KEY to 1
AssignMinimalLength
RealignOverlaps
Structure_End
Progress:Creating new table.
Creating new table.
Progress:ERROR 12289: Error general 42S01 (1050)--[MySQL][ODBC 9.7(w) Driver][mysqld-9.7.0]Table 'codemast' already exists  Table = CodeMast (0), Source = ODBC_DRV.Structure_End.CreateTable
ERROR 12289: Error general 42S01 (1050)--[MySQL][ODBC 9.7(w) Driver][mysqld-9.7.0]Table 'codemast' already exists  Table = CodeMast (0), Source = ODBC_DRV.Structure_End.CreateTable
Progress:End time: 11/05/2026 19:15:13,145
End time: 11/05/2026 19:15:13,145
Progress:Total time to convert table: 0:0:0:0,002
Total time to convert table: 0:0:0:0,002

------------------------------------------------------------
Converting Recnum table: 263, WebAppSession, WebApp Session
Progress:Start time: 11/05/2026 19:15:13,148
Start time: 11/05/2026 19:15:13,148
Structure_Start
Structure_Copy
Set_Attribute DF_FILE_RECNUM_TABLE to 0
Replacing recnum with primary index:1
Set_Attribute DF_FILE_PRIMARY_INDEX to 1
Set_Attribute DF_INDEX_SQL_PRIMARY_KEY to 1
AssignMinimalLength
RealignOverlaps
Structure_End
Progress:Creating new table.
Creating new table.
Progress:ERROR 12289: Error general 42S01 (1050)--[MySQL][ODBC 9.7(w) Driver][mysqld-9.7.0]Table 'webappsession' already exists  Table = WebAppSession (0), Source = ODBC_DRV.Structure_End.CreateTable
ERROR 12289: Error general 42S01 (1050)--[MySQL][ODBC 9.7(w) Driver][mysqld-9.7.0]Table 'webappsession' already exists  Table = WebAppSession (0), Source = ODBC_DRV.Structure_End.CreateTable
Progress:End time: 11/05/2026 19:15:13,15
End time: 11/05/2026 19:15:13,15
Progress:Total time to convert table: 0:0:0:0,002
Total time to convert table: 0:0:0:0,002

------------------------------------------------------------
Converting Recnum table: 270, DFLastID, DFLastID
Progress:Start time: 11/05/2026 19:15:13,153
Start time: 11/05/2026 19:15:13,153
Structure_Start
Structure_Copy
Set_Attribute DF_FILE_PRIMARY_INDEX to 0
AssignMinimalLength
RealignOverlaps
Structure_End
Progress:Creating new table.
Creating new table.
Progress:ERROR 12289: Error general HY000 (4028)--[MySQL][ODBC 9.7(w) Driver][mysqld-9.7.0]A table must have at least one visible column.  Table = DFLastID (0), Source = ODBC_DRV.Structure_End.CreateTable
ERROR 12289: Error general HY000 (4028)--[MySQL][ODBC 9.7(w) Driver][mysqld-9.7.0]A table must have at least one visible column.  Table = DFLastID (0), Source = ODBC_DRV.Structure_End.CreateTable
Progress:End time: 11/05/2026 19:15:13,158
End time: 11/05/2026 19:15:13,158
Progress:Total time to convert table: 0:0:0:0,005
Total time to convert table: 0:0:0:0,005

############################################################
List of tables that experienced errors while converting:
   CodeType - Unable to create.
   CodeMast - Unable to create.
   WebAppSes- Unable to create.
   DFLastID - Unable to create.
////////////////////////////////////////////////////////////
Finished conversion at 11/05/2026 19:15:13,158
Total conversion time: 0:0:0:0,023
////////////////////////////////////////////////////////////
////////////////////////////////////////////////////////////
Starting conversion at 11/05/2026 21:47:43,192
////////////////////////////////////////////////////////////

------------------------------------------------------------
Converting Recnum table: 253, CodeType, Code Maintenance Type Table
Progress:Start time: 11/05/2026 21:47:43,213
Start time: 11/05/2026 21:47:43,213
Structure_Start
Structure_Copy
Set_Attribute DF_FILE_RECNUM_TABLE to 0
Replacing recnum with primary index:1
Set_Attribute DF_FILE_PRIMARY_INDEX to 1
Set_Attribute DF_INDEX_SQL_PRIMARY_KEY to 1
AssignMinimalLength
RealignOverlaps
Structure_End
Progress:Creating new table.
Creating new table.
Progress:ERROR 12289: Error general 42S01 (1050)--[MySQL][ODBC 9.7(w) Driver][mysqld-9.7.0]Table 'codetype' already exists  Table = CodeType (0), Source = ODBC_DRV.Structure_End.CreateTable
ERROR 12289: Error general 42S01 (1050)--[MySQL][ODBC 9.7(w) Driver][mysqld-9.7.0]Table 'codetype' already exists  Table = CodeType (0), Source = ODBC_DRV.Structure_End.CreateTable
Progress:End time: 11/05/2026 21:47:43,232
End time: 11/05/2026 21:47:43,232
Progress:Total time to convert table: 0:0:0:0,019
Total time to convert table: 0:0:0:0,019

------------------------------------------------------------
Converting Recnum table: 254, CodeMast, Code Maintenance Code Table
Progress:Start time: 11/05/2026 21:47:43,236
Start time: 11/05/2026 21:47:43,236
Structure_Start
Structure_Copy
Set_Attribute DF_FILE_RECNUM_TABLE to 0
Replacing recnum with primary index:1
Set_Attribute DF_FILE_PRIMARY_INDEX to 1
Set_Attribute DF_INDEX_SQL_PRIMARY_KEY to 1
AssignMinimalLength
RealignOverlaps
Structure_End
Progress:Creating new table.
Creating new table.
Progress:ERROR 12289: Error general 42S01 (1050)--[MySQL][ODBC 9.7(w) Driver][mysqld-9.7.0]Table 'codemast' already exists  Table = CodeMast (0), Source = ODBC_DRV.Structure_End.CreateTable
ERROR 12289: Error general 42S01 (1050)--[MySQL][ODBC 9.7(w) Driver][mysqld-9.7.0]Table 'codemast' already exists  Table = CodeMast (0), Source = ODBC_DRV.Structure_End.CreateTable
Progress:End time: 11/05/2026 21:47:43,241
End time: 11/05/2026 21:47:43,241
Progress:Total time to convert table: 0:0:0:0,005
Total time to convert table: 0:0:0:0,005

------------------------------------------------------------
Converting Recnum table: 263, WebAppSession, WebApp Session
Progress:Start time: 11/05/2026 21:47:43,243
Start time: 11/05/2026 21:47:43,243
Structure_Start
Structure_Copy
Set_Attribute DF_FILE_RECNUM_TABLE to 0
Replacing recnum with primary index:1
Set_Attribute DF_FILE_PRIMARY_INDEX to 1
Set_Attribute DF_INDEX_SQL_PRIMARY_KEY to 1
AssignMinimalLength
RealignOverlaps
Structure_End
Progress:Creating new table.
Creating new table.
Progress:ERROR 12289: Error general 42S01 (1050)--[MySQL][ODBC 9.7(w) Driver][mysqld-9.7.0]Table 'webappsession' already exists  Table = WebAppSession (0), Source = ODBC_DRV.Structure_End.CreateTable
ERROR 12289: Error general 42S01 (1050)--[MySQL][ODBC 9.7(w) Driver][mysqld-9.7.0]Table 'webappsession' already exists  Table = WebAppSession (0), Source = ODBC_DRV.Structure_End.CreateTable
Progress:End time: 11/05/2026 21:47:43,248
End time: 11/05/2026 21:47:43,248
Progress:Total time to convert table: 0:0:0:0,005
Total time to convert table: 0:0:0:0,005

------------------------------------------------------------
Converting Recnum table: 270, DFLastID, DFLastID
Progress:Start time: 11/05/2026 21:47:43,253
Start time: 11/05/2026 21:47:43,253
Structure_Start
Structure_Copy
Set_Attribute DF_FILE_PRIMARY_INDEX to 0
AssignMinimalLength
RealignOverlaps
Structure_End
Progress:Creating new table.
Creating new table.
Progress:ERROR 12289: Error general HY000 (4028)--[MySQL][ODBC 9.7(w) Driver][mysqld-9.7.0]A table must have at least one visible column.  Table = DFLastID (0), Source = ODBC_DRV.Structure_End.CreateTable
ERROR 12289: Error general HY000 (4028)--[MySQL][ODBC 9.7(w) Driver][mysqld-9.7.0]A table must have at least one visible column.  Table = DFLastID (0), Source = ODBC_DRV.Structure_End.CreateTable
Progress:End time: 11/05/2026 21:47:43,257
End time: 11/05/2026 21:47:43,257
Progress:Total time to convert table: 0:0:0:0,004
Total time to convert table: 0:0:0:0,004

############################################################
List of tables that experienced errors while converting:
   CodeType - Unable to create.
   CodeMast - Unable to create.
   WebAppSes- Unable to create.
   DFLastID - Unable to create.
////////////////////////////////////////////////////////////
Finished conversion at 11/05/2026 21:47:43,257
Total conversion time: 0:0:0:0,046
////////////////////////////////////////////////////////////
